[    0.000000] Linux version 4.15.0-159-generic (buildd@lgw01-amd64-055) (gcc version 7.5.0 (Ubuntu 7.5.0-3ubuntu1~18.04)) #167-Ubuntu SMP Tue Sep 21 08:55:05 UTC 2021 (Ubuntu 4.15.0-159.167-generic 4.15.18)
[    0.000000] Command line: BOOT_IMAGE=/boot/vmlinuz-4.15.0-159-generic root=LABEL=cloudimg-rootfs ro console=tty1 console=ttyS0
[    0.000000] KERNEL supported cpus:
[    0.000000]   Intel GenuineIntel
[    0.000000]   AMD AuthenticAMD
[    0.000000]   Centaur CentaurHauls
[    0.000000] x86/fpu: Supporting XSAVE feature 0x001: 'x87 floating point registers'
[    0.000000] x86/fpu: Supporting XSAVE feature 0x002: 'SSE registers'
[    0.000000] x86/fpu: Supporting XSAVE feature 0x004: 'AVX registers'
[    0.000000] x86/fpu: xstate_offset[2]:  576, xstate_sizes[2]:  256
[    0.000000] x86/fpu: Enabled xstate features 0x7, context size is 832 bytes, using 'standard' format.
[    0.000000] e820: BIOS-provided physical RAM map:
[    0.000000] BIOS-e820: [mem 0x0000000000000000-0x000000000009fbff] usable
[    0.000000] BIOS-e820: [mem 0x000000000009fc00-0x000000000009ffff] reserved
[    0.000000] BIOS-e820: [mem 0x00000000000f0000-0x00000000000fffff] reserved
[    0.000000] BIOS-e820: [mem 0x0000000000100000-0x000000003ffeffff] usable
[    0.000000] BIOS-e820: [mem 0x000000003fff0000-0x000000003fffffff] ACPI data
[    0.000000] BIOS-e820: [mem 0x00000000fec00000-0x00000000fec00fff] reserved
[    0.000000] BIOS-e820: [mem 0x00000000fee00000-0x00000000fee00fff] reserved
[    0.000000] BIOS-e820: [mem 0x00000000fffc0000-0x00000000ffffffff] reserved
[    0.000000] NX (Execute Disable) protection: active
[    0.000000] SMBIOS 2.5 present.
[    0.000000] DMI: innotek GmbH VirtualBox/VirtualBox, BIOS VirtualBox 12/01/2006
[    0.000000] Hypervisor detected: KVM
[    0.000000] e820: last_pfn = 0x3fff0 max_arch_pfn = 0x400000000
[    0.000000] MTRR: Disabled
[    0.000000] x86/PAT: MTRRs disabled, skipping PAT initialization too.
[    0.000000] CPU MTRRs all blank - virtualized system.
[    0.000000] x86/PAT: Configuration [0-7]: WB  WT  UC- UC  WB  WT  UC- UC  
[    0.000000] found SMP MP-table at [mem 0x0009fff0-0x0009ffff]
[    0.000000] Scanning 1 areas for low memory corruption
[    0.000000] RAMDISK: [mem 0x359cb000-0x36cdcfff]
[    0.000000] ACPI: Early table checksum verification disabled
[    0.000000] ACPI: RSDP 0x00000000000E0000 000024 (v02 VBOX  )
[    0.000000] ACPI: XSDT 0x000000003FFF0030 00003C (v01 VBOX   VBOXXSDT 00000001 ASL  00000061)
[    0.000000] ACPI: FACP 0x000000003FFF00F0 0000F4 (v04 VBOX   VBOXFACP 00000001 ASL  00000061)
[    0.000000] ACPI: DSDT 0x000000003FFF0470 002325 (v02 VBOX   VBOXBIOS 00000002 INTL 20190509)
[    0.000000] ACPI: FACS 0x000000003FFF0200 000040
[    0.000000] ACPI: FACS 0x000000003FFF0200 000040
[    0.000000] ACPI: APIC 0x000000003FFF0240 00005C (v02 VBOX   VBOXAPIC 00000001 ASL  00000061)
[    0.000000] ACPI: SSDT 0x000000003FFF02A0 0001CC (v01 VBOX   VBOXCPUT 00000002 INTL 20190509)
[    0.000000] ACPI: Reserving FACP table memory at [mem 0x3fff00f0-0x3fff01e3]
[    0.000000] ACPI: Reserving DSDT table memory at [mem 0x3fff0470-0x3fff2794]
[    0.000000] ACPI: Reserving FACS table memory at [mem 0x3fff0200-0x3fff023f]
[    0.000000] ACPI: Reserving FACS table memory at [mem 0x3fff0200-0x3fff023f]
[    0.000000] ACPI: Reserving APIC table memory at [mem 0x3fff0240-0x3fff029b]
[    0.000000] ACPI: Reserving SSDT table memory at [mem 0x3fff02a0-0x3fff046b]
[    0.000000] No NUMA configuration found
[    0.000000] Faking a node at [mem 0x0000000000000000-0x000000003ffeffff]
[    0.000000] NODE_DATA(0) allocated [mem 0x3ffc5000-0x3ffeffff]
[    0.000000] kvm-clock: cpu 0, msr 0:3ff44001, primary cpu clock
[    0.000000] kvm-clock: Using msrs 4b564d01 and 4b564d00
[    0.000000] kvm-clock: using sched offset of 4087494369 cycles
[    0.000000] clocksource: kvm-clock: mask: 0xffffffffffffffff max_cycles: 0x1cd42e4dffb, max_idle_ns: 881590591483 ns
[    0.000000] Zone ranges:
[    0.000000]   DMA      [mem 0x0000000000001000-0x0000000000ffffff]
[    0.000000]   DMA32    [mem 0x0000000001000000-0x000000003ffeffff]
[    0.000000]   Normal   empty
[    0.000000]   Device   empty
[    0.000000] Movable zone start for each node
[    0.000000] Early memory node ranges
[    0.000000]   node   0: [mem 0x0000000000001000-0x000000000009efff]
[    0.000000]   node   0: [mem 0x0000000000100000-0x000000003ffeffff]
[    0.000000] Reserved but unavailable: 104 pages
[    0.000000] Initmem setup node 0 [mem 0x0000000000001000-0x000000003ffeffff]
[    0.000000] ACPI: PM-Timer IO Port: 0x4008
[    0.000000] IOAPIC[0]: apic_id 2, version 32, address 0xfec00000, GSI 0-23
[    0.000000] ACPI: INT_SRC_OVR (bus 0 bus_irq 0 global_irq 2 dfl dfl)
[    0.000000] ACPI: INT_SRC_OVR (bus 0 bus_irq 9 global_irq 9 low level)
[    0.000000] Using ACPI (MADT) for SMP configuration information
[    0.000000] smpboot: Allowing 2 CPUs, 0 hotplug CPUs
[    0.000000] PM: Registered nosave memory: [mem 0x00000000-0x00000fff]
[    0.000000] PM: Registered nosave memory: [mem 0x0009f000-0x0009ffff]
[    0.000000] PM: Registered nosave memory: [mem 0x000a0000-0x000effff]
[    0.000000] PM: Registered nosave memory: [mem 0x000f0000-0x000fffff]
[    0.000000] e820: [mem 0x40000000-0xfebfffff] available for PCI devices
[    0.000000] Booting paravirtualized kernel on KVM
[    0.000000] clocksource: refined-jiffies: mask: 0xffffffff max_cycles: 0xffffffff, max_idle_ns: 7645519600211568 ns
[    0.000000] random: get_random_bytes called from start_kernel+0x99/0x500 with crng_init=0
[    0.000000] setup_percpu: NR_CPUS:8192 nr_cpumask_bits:2 nr_cpu_ids:2 nr_node_ids:1
[    0.000000] percpu: Embedded 45 pages/cpu s147456 r8192 d28672 u1048576
[    0.000000] PV qspinlock hash table entries: 256 (order: 0, 4096 bytes)
[    0.000000] Built 1 zonelists, mobility grouping on.  Total pages: 257913
[    0.000000] Policy zone: DMA32
[    0.000000] Kernel command line: BOOT_IMAGE=/boot/vmlinuz-4.15.0-159-generic root=LABEL=cloudimg-rootfs ro console=tty1 console=ttyS0
[    0.000000] Memory: 982708K/1048120K available (12300K kernel code, 2483K rwdata, 4320K rodata, 2448K init, 2724K bss, 65412K reserved, 0K cma-reserved)
[    0.000000] SLUB: HWalign=64, Order=0-3, MinObjects=0, CPUs=2, Nodes=1
[    0.000000] Kernel/User page tables isolation: enabled
[    0.000000] ftrace: allocating 39471 entries in 155 pages
[    0.004000] Hierarchical RCU implementation.
[    0.004000] 	RCU restricting CPUs from NR_CPUS=8192 to nr_cpu_ids=2.
[    0.004000] 	Tasks RCU enabled.
[    0.004000] RCU: Adjusting geometry for rcu_fanout_leaf=16, nr_cpu_ids=2
[    0.004000] NR_IRQS: 524544, nr_irqs: 440, preallocated irqs: 16
[    0.004000] Console: colour VGA+ 80x25
[    0.004000] console [tty1] enabled
[    0.004000] console [ttyS0] enabled
[    0.004000] ACPI: Core revision 20170831
[    0.004000] ACPI: 2 ACPI AML tables successfully acquired and loaded
[    0.004000] APIC: Switch to symmetric I/O mode setup
[    0.004000] x2apic enabled
[    0.004000] Switched APIC routing to physical x2apic.
[    0.004000] ..TIMER: vector=0x30 apic1=0 pin1=2 apic2=-1 pin2=-1
[    0.004007] tsc: Detected 2303.998 MHz processor
[    0.004814] Calibrating delay loop (skipped) preset value.. 4607.99 BogoMIPS (lpj=9215992)
[    0.005414] pid_max: default: 32768 minimum: 301
[    0.008057] Security Framework initialized
[    0.008797] Yama: becoming mindful.
[    0.009469] AppArmor: AppArmor initialized
[    0.012019] Dentry cache hash table entries: 131072 (order: 8, 1048576 bytes)
[    0.013477] Inode-cache hash table entries: 65536 (order: 7, 524288 bytes)
[    0.014663] Mount-cache hash table entries: 2048 (order: 2, 16384 bytes)
[    0.016011] Mountpoint-cache hash table entries: 2048 (order: 2, 16384 bytes)
[    0.017608] Last level iTLB entries: 4KB 128, 2MB 8, 4MB 8
[    0.018531] Last level dTLB entries: 4KB 64, 2MB 0, 4MB 0, 1GB 4
[    0.020004] Spectre V1 : Mitigation: usercopy/swapgs barriers and __user pointer sanitization
[    0.021420] Spectre V2 : Mitigation: Full generic retpoline
[    0.022497] Spectre V2 : Spectre v2 / SpectreRSB mitigation: Filling RSB on context switch
[    0.023889] Speculative Store Bypass: Vulnerable
[    0.024050] SRBDS: Unknown: Dependent on hypervisor status
[    0.025001] MDS: Mitigation: Clear CPU buffers
[    0.025908] Freeing SMP alternatives memory: 36K
[    0.137491] smpboot: CPU0: Intel(R) Core(TM) i5-6300HQ CPU @ 2.30GHz (family: 0x6, model: 0x5e, stepping: 0x3)
[    0.139205] Performance Events: unsupported p6 CPU model 94 no PMU driver, software events only.
[    0.140000] Hierarchical SRCU implementation.
[    0.140740] NMI watchdog: Perf event create on CPU 0 failed with -2
[    0.141765] NMI watchdog: Perf NMI watchdog permanently disabled
[    0.143032] smp: Bringing up secondary CPUs ...
[    0.144093] x86: Booting SMP configuration:
[    0.144950] .... node  #0, CPUs:      #1
[    0.004000] kvm-clock: cpu 1, msr 0:3ff44041, secondary cpu clock
[    0.148022] smp: Brought up 1 node, 2 CPUs
[    0.148728] smpboot: Max logical packages: 1
[    0.149537] smpboot: Total of 2 processors activated (9215.99 BogoMIPS)
[    0.150725] devtmpfs: initialized
[    0.152051] x86/mm: Memory block size: 128MB
[    0.152995] evm: security.selinux
[    0.153635] evm: security.SMACK64
[    0.155133] evm: security.SMACK64EXEC
[    0.156000] evm: security.SMACK64TRANSMUTE
[    0.156005] evm: security.SMACK64MMAP
[    0.160002] evm: security.apparmor
[    0.160573] evm: security.ima
[    0.161191] evm: security.capability
[    0.161825] clocksource: jiffies: mask: 0xffffffff max_cycles: 0xffffffff, max_idle_ns: 7645041785100000 ns
[    0.161825] futex hash table entries: 512 (order: 3, 32768 bytes)
[    0.164041] pinctrl core: initialized pinctrl subsystem
[    0.165848] RTC time:  8:54:53, date: 10/06/21
[    0.166939] NET: Registered protocol family 16
[    0.168082] audit: initializing netlink subsys (disabled)
[    0.169056] audit: type=2000 audit(1633510498.871:1): state=initialized audit_enabled=0 res=1
[    0.169454] cpuidle: using governor ladder
[    0.172012] cpuidle: using governor menu
[    0.172716] ACPI: bus type PCI registered
[    0.173447] acpiphp: ACPI Hot Plug PCI Controller Driver version: 0.5
[    0.174648] PCI: Using configuration type 1 for base access
[    0.176719] HugeTLB registered 2.00 MiB page size, pre-allocated 0 pages
[    0.177539] ACPI: Added _OSI(Module Device)
[    0.177539] ACPI: Added _OSI(Processor Device)
[    0.180003] ACPI: Added _OSI(3.0 _SCP Extensions)
[    0.180866] ACPI: Added _OSI(Processor Aggregator Device)
[    0.181716] ACPI: Added _OSI(Linux-Dell-Video)
[    0.182468] ACPI: Added _OSI(Linux-Lenovo-NV-HDMI-Audio)
[    0.183467] ACPI: Added _OSI(Linux-HPI-Hybrid-Graphics)
[    0.184254] ACPI: Executed 1 blocks of module-level executable AML code
[    0.188000] ACPI: Interpreter enabled
[    0.188023] ACPI: (supports S0 S5)
[    0.188619] ACPI: Using IOAPIC for interrupt routing
[    0.192258] PCI: Using host bridge windows from ACPI; if necessary, use "pci=nocrs" and report a bug
[    0.194268] ACPI: Enabled 2 GPEs in block 00 to 07
[    0.201536] ACPI: PCI Root Bridge [PCI0] (domain 0000 [bus 00-ff])
[    0.202732] acpi PNP0A03:00: _OSC: OS supports [ASPM ClockPM Segments MSI]
[    0.204472] acpi PNP0A03:00: _OSC: not requesting OS control; OS requires [ExtendedConfig ASPM ClockPM MSI]
[    0.206076] acpi PNP0A03:00: fail to add MMCONFIG information, can't access extended PCI configuration space under this bridge.
[    0.208419] PCI host bridge to bus 0000:00
[    0.209440] pci_bus 0000:00: root bus resource [io  0x0000-0x0cf7 window]
[    0.210592] pci_bus 0000:00: root bus resource [io  0x0d00-0xffff window]
[    0.211779] pci_bus 0000:00: root bus resource [mem 0x000a0000-0x000bffff window]
[    0.212009] pci_bus 0000:00: root bus resource [mem 0x40000000-0xfdffffff window]
[    0.213301] pci_bus 0000:00: root bus resource [bus 00-ff]
[    0.217899] pci 0000:00:01.1: legacy IDE quirk: reg 0x10: [io  0x01f0-0x01f7]
[    0.219556] pci 0000:00:01.1: legacy IDE quirk: reg 0x14: [io  0x03f6]
[    0.220004] pci 0000:00:01.1: legacy IDE quirk: reg 0x18: [io  0x0170-0x0177]
[    0.221209] pci 0000:00:01.1: legacy IDE quirk: reg 0x1c: [io  0x0376]
[    0.239598] pci 0000:00:07.0: quirk: [io  0x4000-0x403f] claimed by PIIX4 ACPI
[    0.240017] pci 0000:00:07.0: quirk: [io  0x4100-0x410f] claimed by PIIX4 SMB
[    0.248208] ACPI: PCI Interrupt Link [LNKA] (IRQs 5 9 10 *11)
[    0.249567] ACPI: PCI Interrupt Link [LNKB] (IRQs 5 9 *10 11)
[    0.250646] ACPI: PCI Interrupt Link [LNKC] (IRQs 5 *9 10 11)
[    0.251909] ACPI: PCI Interrupt Link [LNKD] (IRQs 5 9 10 *11)
[    0.252400] SCSI subsystem initialized
[    0.253220] pci 0000:00:02.0: vgaarb: setting as boot VGA device
[    0.253220] pci 0000:00:02.0: vgaarb: VGA device added: decodes=io+mem,owns=io+mem,locks=none
[    0.256010] pci 0000:00:02.0: vgaarb: bridge control possible
[    0.257196] vgaarb: loaded
[    0.257799] ACPI: bus type USB registered
[    0.258666] usbcore: registered new interface driver usbfs
[    0.260011] usbcore: registered new interface driver hub
[    0.260944] usbcore: registered new device driver usb
[    0.262077] EDAC MC: Ver: 3.0.0
[    0.262077] PCI: Using ACPI for IRQ routing
[    0.264263] NetLabel: Initializing
[    0.264960] NetLabel:  domain hash size = 128
[    0.265794] NetLabel:  protocols = UNLABELED CIPSOv4 CALIPSO
[    0.267870] NetLabel:  unlabeled traffic allowed by default
[    0.268070] clocksource: Switched to clocksource kvm-clock
[    0.280233] VFS: Disk quotas dquot_6.6.0
[    0.281506] VFS: Dquot-cache hash table entries: 512 (order 0, 4096 bytes)
[    0.282785] AppArmor: AppArmor Filesystem Enabled
[    0.283773] pnp: PnP ACPI init
[    0.285339] pnp: PnP ACPI: found 3 devices
[    0.293980] clocksource: acpi_pm: mask: 0xffffff max_cycles: 0xffffff, max_idle_ns: 2085701024 ns
[    0.295713] NET: Registered protocol family 2
[    0.296555] IP idents hash table entries: 16384 (order: 5, 131072 bytes)
[    0.298517] TCP established hash table entries: 8192 (order: 4, 65536 bytes)
[    0.299860] TCP bind hash table entries: 8192 (order: 5, 131072 bytes)
[    0.301056] TCP: Hash tables configured (established 8192 bind 8192)
[    0.302148] UDP hash table entries: 512 (order: 2, 16384 bytes)
[    0.303317] UDP-Lite hash table entries: 512 (order: 2, 16384 bytes)
[    0.304544] NET: Registered protocol family 1
[    0.305310] pci 0000:00:00.0: Limiting direct PCI/PCI transfers
[    0.306336] pci 0000:00:01.0: Activating ISA DMA hang workarounds
[    0.307458] pci 0000:00:02.0: Video device with shadowed ROM at [mem 0x000c0000-0x000dffff]
[    0.308934] Unpacking initramfs...
[    0.622631] Freeing initrd memory: 19528K
[    0.623514] clocksource: tsc: mask: 0xffffffffffffffff max_cycles: 0x2135f5e6f15, max_idle_ns: 440795231538 ns
[    0.625612] platform rtc_cmos: registered platform RTC device (no PNP device found)
[    0.626978] Scanning for low memory corruption every 60 seconds
[    0.628788] Initialise system trusted keyrings
[    0.629618] Key type blacklist registered
[    0.630429] workingset: timestamp_bits=36 max_order=18 bucket_order=0
[    0.632582] zbud: loaded
[    0.633624] squashfs: version 4.0 (2009/01/31) Phillip Lougher
[    0.634920] fuse init (API version 7.26)
[    0.637441] Key type asymmetric registered
[    0.638173] Asymmetric key parser 'x509' registered
[    0.639061] Block layer SCSI generic (bsg) driver version 0.4 loaded (major 246)
[    0.640643] io scheduler noop registered
[    0.641398] io scheduler deadline registered
[    0.642189] io scheduler cfq registered (default)
[    0.643354] ACPI: AC Adapter [AC] (on-line)
[    0.644316] input: Power Button as /devices/LNXSYSTM:00/LNXPWRBN:00/input/input0
[    0.645970] ACPI: Power Button [PWRF]
[    0.646742] input: Sleep Button as /devices/LNXSYSTM:00/LNXSLPBN:00/input/input1
[    0.648069] ACPI: Sleep Button [SLPF]
[    0.649698] ACPI: Battery Slot [BAT0] (battery present)
[    0.650860] Serial: 8250/16550 driver, 32 ports, IRQ sharing enabled
[    0.672657] 00:02: ttyS0 at I/O 0x3f8 (irq = 4, base_baud = 115200) is a 16550A
[    0.676620] Linux agpgart interface v0.103
[    0.679004] loop: module loaded
[    0.680183] scsi host0: ata_piix
[    0.680905] scsi host1: ata_piix
[    0.681522] ata1: PATA max UDMA/33 cmd 0x1f0 ctl 0x3f6 bmdma 0xd000 irq 14
[    0.682639] ata2: PATA max UDMA/33 cmd 0x170 ctl 0x376 bmdma 0xd008 irq 15
[    0.684036] libphy: Fixed MDIO Bus: probed
[    0.684833] tun: Universal TUN/TAP device driver, 1.6
[    0.685850] PPP generic driver version 2.4.2
[    0.686736] ehci_hcd: USB 2.0 'Enhanced' Host Controller (EHCI) Driver
[    0.687882] ehci-pci: EHCI PCI platform driver
[    0.688742] ehci-platform: EHCI generic platform driver
[    0.689671] ohci_hcd: USB 1.1 'Open' Host Controller (OHCI) Driver
[    0.690800] ohci-pci: OHCI PCI platform driver
[    0.691561] ohci-platform: OHCI generic platform driver
[    0.692500] uhci_hcd: USB Universal Host Controller Interface driver
[    0.693749] i8042: PNP: PS/2 Controller [PNP0303:PS2K,PNP0f03:PS2M] at 0x60,0x64 irq 1,12
[    0.695583] serio: i8042 KBD port at 0x60,0x64 irq 1
[    0.696525] serio: i8042 AUX port at 0x60,0x64 irq 12
[    0.697504] mousedev: PS/2 mouse device common for all mice
[    0.698895] input: AT Translated Set 2 keyboard as /devices/platform/i8042/serio0/input/input2
[    0.700071] rtc_cmos rtc_cmos: rtc core: registered rtc_cmos as rtc0
[    0.701460] rtc_cmos rtc_cmos: alarms up to one day, 114 bytes nvram
[    0.702584] i2c /dev entries driver
[    0.703330] device-mapper: uevent: version 1.0.3
[    0.704346] device-mapper: ioctl: 4.37.0-ioctl (2017-09-20) initialised: dm-devel@redhat.com
[    0.705985] ledtrig-cpu: registered to indicate activity on CPUs
[    0.707371] NET: Registered protocol family 10
[    0.711659] Segment Routing with IPv6
[    0.713482] NET: Registered protocol family 17
[    0.715884] Key type dns_resolver registered
[    0.717026] mce: Using 0 MCE banks
[    0.717680] RAS: Correctable Errors collector initialized.
[    0.718726] sched_clock: Marking stable (716937510, 0)->(875883032, -158945522)
[    0.720316] registered taskstats version 1
[    0.721032] Loading compiled-in X.509 certificates
[    0.724325] Loaded X.509 cert 'Build time autogenerated kernel key: bf5768e0b2369bd53acb56866ca104cf5a2c379b'
[    0.726832] Loaded X.509 cert 'Canonical Ltd. Live Patch Signing: 14df34d1a87cf37625abec039ef2bf521249b969'
[    0.729053] Loaded X.509 cert 'Canonical Ltd. Kernel Module Signing: 88f752e560a1e0737e31163a466ad7b70a850c19'
[    0.730639] zswap: loaded using pool lzo/zbud
[    0.734798] Key type big_key registered
[    0.735659] Key type trusted registered
[    0.738535] Key type encrypted registered
[    0.739270] AppArmor: AppArmor sha1 policy hashing enabled
[    0.740236] ima: No TPM chip found, activating TPM-bypass! (rc=-19)
[    0.741320] ima: Allocated hash algorithm: sha1
[    0.742413] evm: HMAC attrs: 0x1
[    0.743174]   Magic number: 9:213:927
[    0.744061] rtc_cmos rtc_cmos: setting system clock to 2021-10-06 08:54:53 UTC (1633510493)
[    0.745644] BIOS EDD facility v0.16 2004-Jun-25, 0 devices found
[    0.746725] EDD information not available.
[    0.873851] Freeing unused kernel image memory: 2448K
[    0.884199] Write protecting the kernel read-only data: 20480k
[    0.886074] Freeing unused kernel image memory: 2008K
[    0.887392] Freeing unused kernel image memory: 1824K
[    0.896461] x86/mm: Checked W+X mappings: passed, no W+X pages found.
[    0.897727] x86/mm: Checking user space page tables
[    0.906308] x86/mm: Checked W+X mappings: passed, no W+X pages found.
Loading, please wait...
starting version 237
[    0.997740] Fusion MPT base driver 3.04.20
[    0.998600] Copyright (c) 1999-2008 LSI Corporation
[    1.007666] e1000: Intel(R) PRO/1000 Network Driver - version 7.3.21-k8-NAPI
[    1.008985] e1000: Copyright (c) 1999-2006 Intel Corporation.
[    1.013454] AVX2 version of gcm_enc/dec engaged.
[    1.014354] AES CTR mode by8 optimization enabled
[    1.027351] Fusion MPT SPI Host driver 3.04.20
[    1.207468] input: ImExPS/2 Generic Explorer Mouse as /devices/platform/i8042/serio1/input/input4
[    1.408498] e1000 0000:00:03.0 eth0: (PCI:33MHz:32-bit) 02:2f:77:f1:0c:e0
[    1.410466] e1000 0000:00:03.0 eth0: Intel(R) PRO/1000 Network Connection
[    1.414317] mptbase: ioc0: Initiating bringup
[    1.416234] e1000 0000:00:03.0 enp0s3: renamed from eth0
[    1.516501] ioc0: LSI53C1030 A0: Capabilities={Initiator}
[    1.782543] scsi host2: ioc0: LSI53C1030 A0, FwRev=00000000h, Ports=1, MaxQ=256, IRQ=20
[    1.953987] scsi 2:0:0:0: Direct-Access     VBOX     HARDDISK         1.0  PQ: 0 ANSI: 5
[    3.748140] scsi target2:0:0: Beginning Domain Validation
[    3.749889] scsi target2:0:0: Domain Validation skipping write tests
[    3.750969] scsi target2:0:0: Ending Domain Validation
[    3.751990] scsi target2:0:0: asynchronous
[    3.753063] scsi 2:0:1:0: Direct-Access     VBOX     HARDDISK         1.0  PQ: 0 ANSI: 5
[    4.750137] scsi target2:0:1: Beginning Domain Validation
[    4.753863] random: fast init done
[    4.756014] scsi target2:0:1: Domain Validation skipping write tests
[    4.758604] scsi target2:0:1: Ending Domain Validation
[    4.760922] scsi target2:0:1: asynchronous
[    4.769989] random: systemd-udevd: uninitialized urandom read (16 bytes read)
[    4.772098] random: systemd-udevd: uninitialized urandom read (16 bytes read)
[    4.774421] random: systemd-udevd: uninitialized urandom read (16 bytes read)
[    4.776660] sd 2:0:0:0: Attached scsi generic sg0 type 0
[    4.776662] sd 2:0:0:0: [sda] 83886080 512-byte logical blocks: (42.9 GB/40.0 GiB)
[    4.780692] sd 2:0:0:0: [sda] Write Protect is off
[    4.781849] sd 2:0:1:0: Attached scsi generic sg1 type 0
[    4.783199] sd 2:0:0:0: [sda] Incomplete mode parameter data
[    4.784441] sd 2:0:0:0: [sda] Assuming drive cache: write through
[    4.785750] sd 2:0:1:0: [sdb] 20480 512-byte logical blocks: (10.5 MB/10.0 MiB)
[    4.787262] sd 2:0:1:0: [sdb] Write Protect is off
[    4.788452] sd 2:0:1:0: [sdb] Incomplete mode parameter data
[    4.789551] sd 2:0:1:0: [sdb] Assuming drive cache: write through
[    4.836286]  sda: sda1
[    4.837628] sd 2:0:0:0: [sda] Attached SCSI disk
[    4.866411] sd 2:0:1:0: [sdb] Attached SCSI disk
Begin: Loading essential drivers ... [    6.412403] raid6: sse2x1   gen()  9636 MB/s
[    6.460354] raid6: sse2x1   xor()  7012 MB/s
[    6.517578] raid6: sse2x2   gen() 14793 MB/s
[    6.564183] raid6: sse2x2   xor()  7996 MB/s
[    6.612252] raid6: sse2x4   gen() 12975 MB/s
[    6.663033] raid6: sse2x4   xor()  8934 MB/s
[    6.716164] raid6: avx2x1   gen() 18782 MB/s
[    6.764678] raid6: avx2x1   xor() 13282 MB/s
[    6.812899] raid6: avx2x2   gen() 23036 MB/s
[    6.863682] raid6: avx2x2   xor() 15851 MB/s
[    6.912021] raid6: avx2x4   gen() 26457 MB/s
[    6.967669] raid6: avx2x4   xor() 18846 MB/s
[    6.969870] raid6: using algorithm avx2x4 gen() 26457 MB/s
[    6.971852] raid6: .... xor() 18846 MB/s, rmw enabled
[    6.972968] raid6: using avx2x2 recovery algorithm
[    6.975171] xor: automatically using best checksumming function   avx       
[    6.977753] async_tx: api initialized (async)
done.
Begin: Running /scripts/init-premount ... done.
Begin: Mounting root file system ... Begin: Running /scripts/local-top ... done.
Begin: Running /scripts/local-premount ... [    7.027672] Btrfs loaded, crc32c=crc32c-intel
Scanning for Btrfs filesystems
done.
Warning: fsck not present, so skipping root file system
[    7.267814] EXT4-fs (sda1): INFO: recovery required on readonly filesystem
[    7.271593] EXT4-fs (sda1): write access will be enabled during recovery
[    7.425843] EXT4-fs (sda1): recovery complete
[    7.427669] EXT4-fs (sda1): mounted filesystem with ordered data mode. Opts: (null)
done.
Begin: Running /scripts/local-bottom ... done.
Begin: Running /scripts/init-bottom ... done.
[    8.809520] ip_tables: (C) 2000-2006 Netfilter Core Team
[    8.885406] systemd[1]: systemd 237 running in system mode. (+PAM +AUDIT +SELINUX +IMA +APPARMOR +SMACK +SYSVINIT +UTMP +LIBCRYPTSETUP +GCRYPT +GNUTLS +ACL +XZ +LZ4 +SECCOMP +BLKID +ELFUTILS +KMOD -IDN2 +IDN -PCRE2 default-hierarchy=hybrid)
[    8.898195] systemd[1]: Detected virtualization oracle.
[    8.901302] systemd[1]: Detected architecture x86-64.

Welcome to [1mUbuntu 18.04.6 LTS[0m!

[    8.942771] systemd[1]: Set hostname to <NodeEx>.
[    9.027358] random: crng init done
[    9.029701] random: 7 urandom warning(s) missed due to ratelimiting
[   11.268999] systemd[1]: Created slice System Slice.
[[0;32m  OK  [0m] Created slice System Slice.
[   11.274554] systemd[1]: Listening on udev Kernel Socket.
[[0;32m  OK  [0m] Listening on udev Kernel Socket.
[   11.279388] systemd[1]: Listening on Syslog Socket.
[[0;32m  OK  [0m] Listening on Syslog Socket.
[   11.282808] systemd[1]: Listening on /dev/initctl Compatibility Named Pipe.
[[0;32m  OK  [0m] Listening on /dev/initctl Compatibility Named Pipe.
[   11.288856] systemd[1]: Set up automount Arbitrary Executable File Formats File System Automount Point.
[[0;32m  OK  [0m] Set up automount Arbitrary Executab…rmats File System Automount Point.
[   11.292451] systemd[1]: Listening on Device-mapper event daemon FIFOs.
[[0;32m  OK  [0m] Listening on Device-mapper event daemon FIFOs.
[[0;32m  OK  [0m] Listening on fsck to fsckd communication Socket.
[[0;32m  OK  [0m] Started Forward Password Requests to Wall Directory Watch.
[[0;32m  OK  [0m] Listening on Network Service Netlink Socket.
[[0;32m  OK  [0m] Listening on Journal Socket.
         Starting Set the console keyboard layout...
         Starting Uncomplicated firewall...
         Mounting Huge Pages File System...
         Mounting Kernel Debug File System...
         Mounting POSIX Message Queue File System...
[[0;32m  OK  [0m] Listening on LVM2 poll daemon socket.
[[0;32m  OK  [0m] Created slice system-serial\x2dgetty.slice.
         Starting Create list of required st…ce nodes for the current kernel...
[[0;32m  OK  [0m] Reached target System Time Synchronized.
[[0;32m  OK  [0m] Listening on udev Control Socket.
         Starting udev Coldplug all Devices...
[[0;32m  OK  [0m] Listening on Journal Socket (/dev/log).
[[0;32m  OK  [0m] Created slice User and Session Slice.
[[0;32m  OK  [0m] Reached target Slices.
[[0;32m  OK  [0m] Listening on Journal Audit Socket.
[[0;32m  OK  [0m] Reached target Swap.
         Starting Journal Service...
[[0;32m  OK  [0m] Reached target User and Group Name Lookups.
         Starting Load Kernel Modules...
[[0;32m  OK  [0m] Listening on LVM2 metadata daemon socket.
         Starting Monitoring of LVM2 mirrors…ng dmeventd or progress polling...
         Starting File System Check on Root Device...
[[0;32m  OK  [0m] Started Journal Service.
[[0;32m  OK  [0m] Started Uncomplicated firewall.
[[0;32m  OK  [0m] Mounted Huge Pages File System.
[[0;32m  OK  [0m] Mounted Kernel Debug File System.
[[0;32m  OK  [0m] Mounted POSIX Message Queue File System.
[[0;32m  OK  [0m] Started Create list of required sta…vice nodes for the current kernel.
         Starting Create Static Device Nodes in /dev...
[[0;32m  OK  [0m] Started udev Coldplug all Devices.
[[0;32m  OK  [0m] Started File System Check Daemon to report status.
[[0;32m  OK  [0m] Started LVM2 metadata daemon.
[   12.086903] Loading iSCSI transport class v2.0-870.
[[0;32m  OK  [0m] Started Set the console keyboard layout.
[   12.101156] iscsi: registered transport (tcp)
[[0;32m  OK  [0m] Started File System Check on Root Device.
         Starting Remount Root and Kernel File Systems...
[   12.326084] iscsi: registered transport (iser)
[[0;32m  OK  [0m] Started Create Static Device Nodes in /dev.
[[0;32m  OK  [0m] Started Load Kernel Modules.
         Mounting Kernel Configuration File System...
         Mounting FUSE Control File System...
         Starting Apply Kernel Variables...
[[0;32m  OK  [0m] Mounted Kernel Configuration File System.
[[0;32m  OK  [0m] Mounted FUSE Control File System.
[   12.402445] EXT4-fs (sda1): re-mounted. Opts: (null)
[[0;32m  OK  [0m] Started Remount Root and Kernel File Systems.
         Starting Load/Save Random Seed...
         Starting udev Kernel Device Manager...
         Starting Flush Journal to Persistent Storage...
[[0;32m  OK  [0m] Started Monitoring of LVM2 mirrors,…sing dmeventd or progress polling.
[[0;32m  OK  [0m] Reached target Local File Systems (Pre).
[[0;32m  OK  [0m] Reached target Local File Systems.
         Starting AppArmor initialization...
         Starting Tell Plymouth To Write Out Runtime Data...
         Starting Set console font and keymap...
         Starting ebtables ruleset management...
[[0;32m  OK  [0m] Started Load/Save Random Seed.
[[0;32m  OK  [0m] Started udev Kernel Device Manager.
[[0;32m  OK  [0m] Started Dispatch Password Requests to Console Directory Watch.
[[0;32m  OK  [0m] Reached target Local Encrypted Volumes.
[[0;32m  OK  [0m] Started Tell Plymouth To Write Out Runtime Data.
[[0;32m  OK  [0m] Started Set console font and keymap.
[[0;32m  OK  [0m] Started Apply Kernel Variables.
[[0;32m  OK  [0m] Started ebtables ruleset management.
[[0;32m  OK  [0m] Found device /dev/ttyS0.
[[0;32m  OK  [0m] Started Flush Journal to Persistent Storage.
         Starting Create Volatile Files and Directories...
[[0;32m  OK  [0m] Started Create Volatile Files and Directories.
         Starting Update UTMP about System Boot/Shutdown...
[[0;32m  OK  [0m] Started Update UTMP about System Boot/Shutdown.
[[0;32m  OK  [0m] Listening on Load/Save RF Kill Switch Status /dev/rfkill Watch.
[[0;32m  OK  [0m] Started AppArmor initialization.
         Starting Initial cloud-init job (pre-networking)...
         Starting Load AppArmor profiles managed internally by snapd...
[[0;32m  OK  [0m] Started Load AppArmor profiles managed internally by snapd.
[   29.723215] cloud-init[556]: Cloud-init v. 21.2-3-g899bfaa9-0ubuntu2~18.04.1 running 'init-local' at Wed, 06 Oct 2021 08:55:21 +0000. Up 28.87 seconds.
[[0;32m  OK  [0m] Started Initial cloud-init job (pre-networking).
[[0;32m  OK  [0m] Reached target Network (Pre).
         Starting Network Service...
[[0;32m  OK  [0m] Started Network Service.
         Starting Wait for Network to be Configured...
         Starting Network Name Resolution...
[[0;32m  OK  [0m] Started Network Name Resolution.
[[0;32m  OK  [0m] Reached target Network.
[[0;32m  OK  [0m] Reached target Host and Network Name Lookups.
[[0;32m  OK  [0m] Started Wait for Network to be Configured.
         Starting Initial cloud-init job (metadata service crawler)...
[   33.008539] cloud-init[680]: Cloud-init v. 21.2-3-g899bfaa9-0ubuntu2~18.04.1 running 'init' at Wed, 06 Oct 2021 08:55:24 +0000. Up 32.08 seconds.
[   33.010146] cloud-init[680]: ci-info: +++++++++++++++++++++++++++++++++++++Net device info++++++++++++++++++++++++++++++++++++++
[   33.011681] cloud-init[680]: ci-info: +--------+------+---------------------------+---------------+--------+-------------------+
[   33.012991] cloud-init[680]: ci-info: | Device |  Up  |          Address          |      Mask     | Scope  |     Hw-Address    |
[   33.014258] cloud-init[680]: ci-info: +--------+------+---------------------------+---------------+--------+-------------------+
[   33.015631] cloud-init[680]: ci-info: | enp0s3 | True |         10.0.2.15         | 255.255.255.0 | global | 02:2f:77:f1:0c:e0 |
[   33.016979] cloud-init[680]: ci-info: | enp0s3 | True | fe80::2f:77ff:fef1:ce0/64 |       .       |  link  | 02:2f:77:f1:0c:e0 |
[   33.018229] cloud-init[680]: ci-info: |   lo   | True |         127.0.0.1         |   255.0.0.0   |  host  |         .         |
[   33.019742] cloud-init[680]: ci-info: |   lo   | True |          ::1/128          |       .       |  host  |         .         |
[   33.021054] cloud-init[680]: ci-info: +--------+------+---------------------------+---------------+--------+-------------------+
[   33.022949] cloud-init[680]: ci-info: ++++++++++++++++++++++++++++Route IPv4 info+++++++++++++++++++++++++++++
[   33.024171] cloud-init[680]: ci-info: +-------+-------------+----------+-----------------+-----------+-------+
[   33.025337] cloud-init[680]: ci-info: | Route | Destination | Gateway  |     Genmask     | Interface | Flags |
[   33.026620] cloud-init[680]: ci-info: +-------+-------------+----------+-----------------+-----------+-------+
[   33.027723] cloud-init[680]: ci-info: |   0   |   0.0.0.0   | 10.0.2.2 |     0.0.0.0     |   enp0s3  |   UG  |
[   33.063084] cloud-init[680]: ci-info: |   1   |   10.0.2.0  | 0.0.0.0  |  255.255.255.0  |   enp0s3  |   U   |
[   33.071181] cloud-init[680]: ci-info: |   2   |   10.0.2.2  | 0.0.0.0  | 255.255.255.255 |   enp0s3  |   UH  |
[   33.073030] cloud-init[680]: ci-info: +-------+-------------+----------+-----------------+-----------+-------+
[   33.080307] cloud-init[680]: ci-info: +++++++++++++++++++Route IPv6 info+++++++++++++++++++
[   33.081551] cloud-init[680]: ci-info: +-------+-------------+---------+-----------+-------+
[   33.107603] cloud-init[680]: ci-info: | Route | Destination | Gateway | Interface | Flags |
[   33.110028] cloud-init[680]: ci-info: +-------+-------------+---------+-----------+-------+
[   33.110863] cloud-init[680]: ci-info: |   1   |  fe80::/64  |    ::   |   enp0s3  |   U   |
[   33.111819] cloud-init[680]: ci-info: |   3   |    local    |    ::   |   enp0s3  |   U   |
[   33.112678] cloud-init[680]: ci-info: |   4   |   ff00::/8  |    ::   |   enp0s3  |   U   |
[   33.124209] cloud-init[680]: ci-info: +-------+-------------+---------+-----------+-------+
[[0;32m  OK  [0m] Started Initial cloud-init job (metadata service crawler).
[[0;32m  OK  [0m] Reached target System Initialization.
[[0;32m  OK  [0m] Started Daily apt download activities.
         Starting Socket activation for snappy daemon.
[[0;32m  OK  [0m] Started Message of the Day.
[[0;32m  OK  [0m] Listening on D-Bus System Message Bus Socket.
[[0;32m  OK  [0m] Listening on Open-iSCSI iscsid Socket.
[[0;32m  OK  [0m] Listening on UUID daemon activation socket.
[[0;32m  OK  [0m] Started Discard unused blocks once a week.
[[0;32m  OK  [0m] Started Daily apt upgrade and clean activities.
[[0;32m  OK  [0m] Started Daily Cleanup of Temporary Directories.
         Starting LXD - unix socket.
[[0;32m  OK  [0m] Started Ubuntu Advantage update messaging.
[[0;32m  OK  [0m] Reached target Timers.
[[0;32m  OK  [0m] Started ACPI Events Check.
[[0;32m  OK  [0m] Reached target Paths.
[[0;32m  OK  [0m] Listening on ACPID Listen Socket.
[[0;32m  OK  [0m] Reached target Cloud-config availability.
[[0;32m  OK  [0m] Reached target Network is Online.
[[0;32m  OK  [0m] Reached target Remote File Systems (Pre).
[[0;32m  OK  [0m] Reached target Remote File Systems.
         Starting Availability of block devices...
[[0;32m  OK  [0m] Listening on Socket activation for snappy daemon.
[[0;32m  OK  [0m] Listening on LXD - unix socket.
[[0;32m  OK  [0m] Reached target Sockets.
[[0;32m  OK  [0m] Reached target Basic System.
         Starting Virtualbox guest utils...
         Starting System Logging Service...
         Starting LSB: automatic crash report generation...
         Starting Accounts Service...
         Starting Snap Daemon...
         Starting OpenBSD Secure Shell server...
[[0;32m  OK  [0m] Started Regular background program processing daemon.
[[0;32m  OK  [0m] Started FUSE filesystem for LXC.
[[0;32m  OK  [0m] Started D-Bus System Message Bus.
         Starting Permit User Sessions...
         Starting Dispatcher daemon for systemd-networkd...
         Starting LSB: Record successful boot for GRUB...
[[0;32m  OK  [0m] Started irqbalance daemon.
         Starting Message of the Day...
         Starting Ubuntu Advantage APT and MOTD Messages...
         Starting Login Service...
         Starting LXD - container startup/shutdown...
[[0;32m  OK  [0m] Started Deferred execution scheduler.
[[0;32m  OK  [0m] Started System Logging Service.
[[0;32m  OK  [0m] Started Availability of block devices.
[[0;32m  OK  [0m] Started Permit User Sessions.
         Starting Terminate Plymouth Boot Screen...
         Starting Hold until boot process finishes up...
[[0;32m  OK  [0m] Started Hold until boot process finishes up.
[[0;32m  OK  [0m] Started Serial Getty on ttyS0.
         Starting Set console scheme...
[[0;32m  OK  [0m] Started Terminate Plymouth Boot Screen.
[[0;32m  OK  [0m] Started Login Service.
[[0;32m  OK  [0m] Started Unattended Upgrades Shutdown.
[[0;32m  OK  [0m] Started Set console scheme.
[[0;32m  OK  [0m] Created slice system-getty.slice.
[[0;32m  OK  [0m] Started Getty on tty1.
[[0;32m  OK  [0m] Reached target Login Prompts.
         Starting Authorization Manager...
[[0;32m  OK  [0m] Started OpenBSD Secure Shell server.
[[0;32m  OK  [0m] Started LSB: automatic crash report generation.
[[0;32m  OK  [0m] Started LSB: Record successful boot for GRUB.
[[0;32m  OK  [0m] Started Authorization Manager.
[[0;32m  OK  [0m] Started Accounts Service.
[[0;32m  OK  [0m] Started Virtualbox guest utils.
[[0;32m  OK  [0m] Started Dispatcher daemon for systemd-networkd.
[[0;32m  OK  [0m] Created slice User Slice of vagrant.
         Starting User Manager for UID 1000...
[[0;32m  OK  [0m] Started Session 1 of user vagrant.

Ubuntu 18.04.6 LTS NodeEx ttyS0

NodeEx login: [   51.899188] cloud-init[1382]: Cloud-init v. 21.2-3-g899bfaa9-0ubuntu2~18.04.1 running 'modules:config' at Wed, 06 Oct 2021 08:55:43 +0000. Up 50.78 seconds.
[   52.837558] cloud-init[1429]: Cloud-init v. 21.2-3-g899bfaa9-0ubuntu2~18.04.1 running 'modules:final' at Wed, 06 Oct 2021 08:55:45 +0000. Up 52.43 seconds.
[   52.839882] cloud-init[1429]: Cloud-init v. 21.2-3-g899bfaa9-0ubuntu2~18.04.1 finished at Wed, 06 Oct 2021 08:55:45 +0000. Datasource DataSourceNoCloud [seed=/dev/sdb][dsmode=net].  Up 52.82 seconds
